#
# There is insufficient memory for the Java Runtime Environment to continue.
# Native memory allocation (mmap) failed to map 67108864 bytes for G1 virtual space
# Possible reasons:
#   The system is out of physical RAM or swap space
#   The process is running with CompressedOops enabled, and the Java Heap may be blocking the growth of the native heap
# Possible solutions:
#   Reduce memory load on the system
#   Increase physical memory or swap space
#   Check if swap backing store is full
#   Decrease Java heap size (-Xmx/-Xms)
#   Decrease number of Java threads
#   Decrease Java thread stack sizes (-Xss)
#   Set larger code cache with -XX:ReservedCodeCacheSize=
#   JVM is running with Unscaled Compressed Oops mode in which the Java heap is
#     placed in the first 4GB address space. The Java Heap base address is the
#     maximum limit for the native heap growth. Please use -XX:HeapBaseMinAddress
#     to set the Java Heap base and to place the Java Heap above 4GB virtual address.
# This output file may be truncated or incomplete.
#
#  Out of Memory Error (./open/src/hotspot/os/windows/os_windows.cpp:3472), pid=16068, tid=10140
#
# JRE version:  (15.0.1+9) (build )
# Java VM: Java HotSpot(TM) 64-Bit Server VM (15.0.1+9-18, mixed mode, sharing, tiered, compressed oops, g1 gc, windows-amd64)
# No core dump will be written. Minidumps are not enabled by default on client versions of Windows
#

---------------  S U M M A R Y ------------

Command Line: -Dfile.encoding=Cp1252 -XX:+ShowCodeDetailsInExceptionMessages form.scheduleShift

Host: Intel(R) Core(TM) i5-8250U CPU @ 1.60GHz, 8 cores, 3G,  Windows 10 , 64 bit Build 18362 (10.0.18362.1500)
Time: Fri Apr 30 23:33:23 2021 SE Asia Standard Time elapsed time: 0.018871 seconds (0d 0h 0m 0s)

---------------  T H R E A D  ---------------

Current thread (0x0000026670696500):  JavaThread "Unknown thread" [_thread_in_vm, id=10140, stack(0x00000081ae100000,0x00000081ae200000)]

Stack: [0x00000081ae100000,0x00000081ae200000]
Native frames: (J=compiled Java code, j=interpreted, Vv=VM code, C=native code)
V  [jvm.dll+0x62ae9a]
V  [jvm.dll+0x781389]
V  [jvm.dll+0x782ae3]
V  [jvm.dll+0x783143]
V  [jvm.dll+0x216265]
V  [jvm.dll+0x6281d9]
V  [jvm.dll+0x61cd15]
V  [jvm.dll+0x2d01fd]
V  [jvm.dll+0x2d0062]
V  [jvm.dll+0x2d603c]
V  [jvm.dll+0x325b2a]
V  [jvm.dll+0x3251f4]
V  [jvm.dll+0x2a717a]
V  [jvm.dll+0x2a8318]
V  [jvm.dll+0x75e101]
V  [jvm.dll+0x3343e4]
V  [jvm.dll+0x73e826]
V  [jvm.dll+0x3b7777]
V  [jvm.dll+0x3b9201]
C  [jli.dll+0x52fb]
C  [ucrtbase.dll+0x210b2]
C  [KERNEL32.DLL+0x17c24]
C  [ntdll.dll+0x6d721]


---------------  P R O C E S S  ---------------

Threads class SMR info:
_java_thread_list=0x00007ff9cc8e4ff0, length=0, elements={
}

Java Threads: ( => current thread )

Other Threads:
  0x00000266706c6c70 GCTaskThread "GC Thread#0" [stack: 0x00000081ae200000,0x00000081ae300000] [id=17280]
  0x00000266706d0420 ConcurrentGCThread "G1 Main Marker" [stack: 0x00000081ae300000,0x00000081ae400000] [id=19396]
  0x00000266706d1090 ConcurrentGCThread "G1 Conc#0" [stack: 0x00000081ae400000,0x00000081ae500000] [id=6132]

[error occurred during error reporting (printing all threads), id 0xc0000005, EXCEPTION_ACCESS_VIOLATION (0xc0000005) at pc=0x00007ff9cc0d8047]

VM state: not at safepoint (not fully initialized)

VM Mutex/Monitor currently owned by a thread:  ([mutex/lock_event])
[0x0000026670436790] Heap_lock - owner thread: 0x0000026670696500

Heap address: 0x00000000c1600000, size: 1002 MB, Compressed Oops mode: 32-bit
CDS archive(s) mapped at: [0x0000000000000000-0x0000000000000000-0x0000000000000000), size 0, SharedBaseAddress: 0x0000000800000000, ArchiveRelocationMode: 0.
Narrow klass base: 0x0000000000000000, Narrow klass shift: 0, Narrow klass range: 0x0

Heap:
 garbage-first heap   total 65536K, used 0K [0x00000000c1600000, 0x0000000100000000)
  region size 1024K, 0 young (0K), 0 survivors (0K)
 Metaspace       used 0K, capacity 0K, committed 0K, reserved 0K
  class space    used 0K, capacity 0K, committed 0K, reserved 0K

Heap Regions: E=young(eden), S=young(survivor), O=old, HS=humongous(starts), HC=humongous(continues), CS=collection set, F=free, OA=open archive, CA=closed archive, TAMS=top-at-mark-start (previous, next)

Card table byte_map: [0x000002667ad00000,0x000002667af00000] _byte_map_base: 0x000002667a6f5000

Marking Bits (Prev, Next): (CMBitMap*) 0x00000266706c74e0, (CMBitMap*) 0x00000266706c7520
 Prev Bits: [0x000002667b100000, 0x000002667c0a8000)
 Next Bits: [0x000002667c0b0000, 0x000002667d058000)

GC Heap History (0 events):
No events

Deoptimization events (0 events):
No events

Classes unloaded (0 events):
No events

Classes redefined (0 events):
No events

Internal exceptions (0 events):
No events

Events (1 events):
Event: 0.008 Loaded shared library C:\Program Files\Java\jdk-15.0.1\bin\java.dll


Dynamic libraries:
0x00007ff6660e0000 - 0x00007ff6660ef000 	C:\Program Files\Java\jdk-15.0.1\bin\javaw.exe
0x00007ffa0dde0000 - 0x00007ffa0dfd0000 	C:\Windows\SYSTEM32\ntdll.dll
0x00007ffa0d2d0000 - 0x00007ffa0d382000 	C:\Windows\System32\KERNEL32.DLL
0x00007ffa0ad50000 - 0x00007ffa0aff5000 	C:\Windows\System32\KERNELBASE.dll
0x00007ffa0b260000 - 0x00007ffa0b35a000 	C:\Windows\System32\ucrtbase.dll
0x00007ffa04730000 - 0x00007ffa04748000 	C:\Program Files\Java\jdk-15.0.1\bin\jli.dll
0x00007ffa04760000 - 0x00007ffa04779000 	C:\Program Files\Java\jdk-15.0.1\bin\VCRUNTIME140.dll
0x00007ffa0cb70000 - 0x00007ffa0cc13000 	C:\Windows\System32\ADVAPI32.dll
0x00007ffa0c8c0000 - 0x00007ffa0c95e000 	C:\Windows\System32\msvcrt.dll
0x00007ffa0d0e0000 - 0x00007ffa0d177000 	C:\Windows\System32\sechost.dll
0x00007ffa0dbd0000 - 0x00007ffa0dcef000 	C:\Windows\System32\RPCRT4.dll
0x00007ffa0cf40000 - 0x00007ffa0d0d4000 	C:\Windows\System32\USER32.dll
0x00007ffa0bca0000 - 0x00007ffa0bcc1000 	C:\Windows\System32\win32u.dll
0x00007ff9f3740000 - 0x00007ff9f39c4000 	C:\Windows\WinSxS\amd64_microsoft.windows.common-controls_6595b64144ccf1df_6.0.18362.1500_none_9e79be6de462295c\COMCTL32.dll
0x00007ffa0c960000 - 0x00007ffa0c986000 	C:\Windows\System32\GDI32.dll
0x00007ffa0be90000 - 0x00007ffa0c1c6000 	C:\Windows\System32\combase.dll
0x00007ffa0b0c0000 - 0x00007ffa0b258000 	C:\Windows\System32\gdi32full.dll
0x00007ffa0bcd0000 - 0x00007ffa0bd51000 	C:\Windows\System32\bcryptPrimitives.dll
0x00007ffa0b000000 - 0x00007ffa0b09e000 	C:\Windows\System32\msvcp_win.dll
0x00007ffa055d0000 - 0x00007ffa055da000 	C:\Windows\SYSTEM32\VERSION.dll
0x00007ffa0dcf0000 - 0x00007ffa0dd1e000 	C:\Windows\System32\IMM32.DLL
0x00007ffa07500000 - 0x00007ffa0750c000 	C:\Program Files\Java\jdk-15.0.1\bin\vcruntime140_1.dll
0x00007ff9ebf40000 - 0x00007ff9ebfd1000 	C:\Program Files\Java\jdk-15.0.1\bin\msvcp140.dll
0x00007ff9cbe20000 - 0x00007ff9cc97e000 	C:\Program Files\Java\jdk-15.0.1\bin\server\jvm.dll
0x00007ffa0caf0000 - 0x00007ffa0caf8000 	C:\Windows\System32\PSAPI.DLL
0x00007ffa08d80000 - 0x00007ffa08da4000 	C:\Windows\SYSTEM32\WINMM.dll
0x00007ff9f5300000 - 0x00007ff9f5309000 	C:\Windows\SYSTEM32\WSOCK32.dll
0x00007ffa0cc20000 - 0x00007ffa0cc8f000 	C:\Windows\System32\WS2_32.dll
0x00007ffa08d50000 - 0x00007ffa08d7d000 	C:\Windows\SYSTEM32\WINMMBASE.dll
0x00007ffa0bd90000 - 0x00007ffa0bdda000 	C:\Windows\System32\cfgmgr32.dll
0x00007ffa0ad30000 - 0x00007ffa0ad41000 	C:\Windows\System32\kernel.appcore.dll
0x00007ffa03260000 - 0x00007ffa0326a000 	C:\Program Files\Java\jdk-15.0.1\bin\jimage.dll
0x00007ffa01c70000 - 0x00007ffa01e64000 	C:\Windows\SYSTEM32\DBGHELP.DLL
0x00007ffa01240000 - 0x00007ffa0126a000 	C:\Windows\SYSTEM32\dbgcore.DLL
0x00007ffa03230000 - 0x00007ffa03255000 	C:\Program Files\Java\jdk-15.0.1\bin\java.dll

dbghelp: loaded successfully - version: 4.0.5 - missing functions: none
symbol engine: initialized successfully - sym options: 0x614 - pdb path: .;C:\Program Files\Java\jdk-15.0.1\bin;C:\Windows\SYSTEM32;C:\Windows\WinSxS\amd64_microsoft.windows.common-controls_6595b64144ccf1df_6.0.18362.1500_none_9e79be6de462295c;C:\Program Files\Java\jdk-15.0.1\bin\server

VM Arguments:
jvm_args: -Dfile.encoding=Cp1252 -XX:+ShowCodeDetailsInExceptionMessages 
java_command: form.scheduleShift
java_class_path (initial): C:\Users\minhn\Documents\UDJV\project\JavaApp\bin;C:\Users\minhn\Documents\UDJV\project\JavaApp\miglayout15-swing.jar;C:\Users\minhn\Documents\sqljdbc_9.2\fra\mssql-jdbc-9.2.0.jre11.jar
Launcher Type: SUN_STANDARD

[Global flags]
     intx CICompilerCount                          = 4                                         {product} {ergonomic}
     uint ConcGCThreads                            = 2                                         {product} {ergonomic}
     uint G1ConcRefinementThreads                  = 8                                         {product} {ergonomic}
   size_t G1HeapRegionSize                         = 1048576                                   {product} {ergonomic}
    uintx GCDrainStackTargetSize                   = 64                                        {product} {ergonomic}
   size_t InitialHeapSize                          = 67108864                                  {product} {ergonomic}
   size_t MarkStackSize                            = 4194304                                   {product} {ergonomic}
   size_t MaxHeapSize                              = 1050673152                                {product} {ergonomic}
   size_t MinHeapDeltaBytes                        = 1048576                                   {product} {ergonomic}
   size_t MinHeapSize                              = 8388608                                   {product} {ergonomic}
    uintx NonNMethodCodeHeapSize                   = 5839372                                {pd product} {ergonomic}
    uintx NonProfiledCodeHeapSize                  = 122909434                              {pd product} {ergonomic}
    uintx ProfiledCodeHeapSize                     = 122909434                              {pd product} {ergonomic}
    uintx ReservedCodeCacheSize                    = 251658240                              {pd product} {ergonomic}
     bool SegmentedCodeCache                       = true                                      {product} {ergonomic}
     bool ShowCodeDetailsInExceptionMessages       = true                                   {manageable} {command line}
   size_t SoftMaxHeapSize                          = 1050673152                             {manageable} {ergonomic}
     bool UseCompressedClassPointers               = true                                 {lp64_product} {ergonomic}
     bool UseCompressedOops                        = true                                 {lp64_product} {ergonomic}
     bool UseG1GC                                  = true                                      {product} {ergonomic}
     bool UseLargePagesIndividualAllocation        = false                                  {pd product} {ergonomic}

Logging:
Log output configuration:
 #0: stdout all=warning uptime,level,tags
 #1: stderr all=off uptime,level,tags

Environment Variables:
JAVA_HOME=C:\Program Files\Java\jdk-15.0.1
PATH=C:\Program Files\Common Files\Oracle\Java\javapath;C:\Program Files (x86)\Common Files\Oracle\Java\javapath;C:\Windows\system32;C:\Windows;C:\Windows\System32\Wbem;C:\Windows\System32\WindowsPowerShell\v1.0\;C:\Windows\System32\OpenSSH\;C:\Program Files\Git\cmd;C:\Users\minhn;C:\Users\minhn\AppData\Local\Programs\Python\Python38\Scripts;C:\ProgramData\npmglobal\node_modules\node-red;C:\Program Files\nodejs;C:\Program Files\nodejs\;C:\ProgramData\chocolatey\bin;C:\Users\minhn\node-red;C:\Python\Python38\;C:\Python\Python38\Scripts\;C:\Users\minhn\AppData\Local\Programs\Python\Python38\Scripts;C:\Users\minhn\AppData\Local\Programs\Python\Python38;C:\Users\minhn\AppData\Local\Programs\Python;C:\Users\minhn\Documents\NMDPTTT\Projet_Web\Web_GreenObject.github.io\front-end\node_modules\.bin;C:\Users\minhn\AppData\Roaming\npm;C:\Windows\System32\cmd.exe;C:\Program Files\Microsoft SQL Server\Client SDK\ODBC\170\Tools\Binn\;C:\Program Files (x86)\Microsoft SQL Server\150\Tools\Binn\;C:\Program Files\Microsoft SQL Server\150\Tools\Binn\;C:\Program Files\Microsoft SQL Server\150\DTS\Binn\;C:\Program Files\Azure Data Studio\bin;C:\Program Files\Microsoft SQL Server\Client SDK\ODBC\130\Tools\Binn\;C:\Program Files (x86)\Microsoft SQL Server\140\Tools\Binn\;C:\Program Files\Microsoft SQL Server\140\Tools\Binn\;C:\Program Files\Microsoft SQL Server\140\DTS\Binn\;C:\Program Files\dotnet\;C:\Program Files\Microsoft SQL Server\Client SDK\ODBC\110\Tools\Binn\;C:\Program Files (x86)\Microsoft SQL Server\120\Tools\Binn\;C:\Program Files\Microsoft SQL Server\120\Tools\Binn\;C:\Program Files\Microsoft SQL Server\120\DTS\Binn\;c:\Program Files (x86)\Microsoft SQL Server\100\Tools\Binn\;c:\Program Files\Microsoft SQL Server\100\Tools\Binn\;c:\Program Files\Microsoft SQL Server\100\DTS\Binn\;C:\Program Files (x86)\Microsoft SQL Server\150\DTS\Binn\;C:\Program Files\Microsoft SQL Server\130\Tools\Binn\;C:\Users\minhn\AppData\Local\Programs\Python\Python38\Scripts\;C:\Users\minhn\AppData\Loc
USERNAME=minhn
OS=Windows_NT
PROCESSOR_IDENTIFIER=Intel64 Family 6 Model 142 Stepping 10, GenuineIntel



---------------  S Y S T E M  ---------------

OS:
 Windows 10 , 64 bit Build 18362 (10.0.18362.1500)
OS uptime: 0 days 15:30 hours

CPU: total 8 (initial active 8) (4 cores per cpu, 2 threads per core) family 6 model 142 stepping 10 microcode 0xd6, cmov, cx8, fxsr, mmx, sse, sse2, sse3, ssse3, sse4.1, sse4.2, popcnt, vzeroupper, avx, avx2, aes, clmul, erms, 3dnowpref, lzcnt, ht, tsc, tscinvbit, bmi1, bmi2, adx, fma, clflush, clflushopt

Memory: 4k page, system-wide physical 4005M (223M free)
TotalPageFile size 16293M (AvailPageFile size 32M)
current process WorkingSet (physical memory assigned to process): 10M, peak: 10M
current process commit charge ("private bytes"): 60M, peak: 124M

vm_info: Java HotSpot(TM) 64-Bit Server VM (15.0.1+9-18) for windows-amd64 JRE (15.0.1+9-18), built on Sep 15 2020 14:43:54 by "mach5one" with unknown MS VC++:1925

END.
