#
# A fatal error has been detected by the Java Runtime Environment:
#
#  EXCEPTION_ACCESS_VIOLATION (0xc0000005) at pc=0x0000000000000000, pid=21960, tid=12312
#
# JRE version: Java(TM) SE Runtime Environment (15.0.1+9) (build 15.0.1+9-18)
# Java VM: Java HotSpot(TM) 64-Bit Server VM (15.0.1+9-18, mixed mode, sharing, tiered, compressed oops, g1 gc, windows-amd64)
# Problematic frame:
# C  0x0000000000000000
#
# No core dump will be written. Minidumps are not enabled by default on client versions of Windows
#
# If you would like to submit a bug report, please visit:
#   https://bugreport.java.com/bugreport/crash.jsp
# The crash happened outside the Java Virtual Machine in native code.
# See problematic frame for where to report the bug.
#

---------------  S U M M A R Y ------------

Command Line: -Dfile.encoding=UTF-8 -XX:+ShowCodeDetailsInExceptionMessages Frame.Staff_TimekeepingUI

Host: Intel(R) Core(TM) i5-8250U CPU @ 1.60GHz, 8 cores, 3G,  Windows 10 , 64 bit Build 18362 (10.0.18362.1500)
Time: Thu Apr 29 23:33:52 2021 SE Asia Standard Time elapsed time: 0.173561 seconds (0d 0h 0m 0s)

---------------  T H R E A D  ---------------

Current thread (0x00000128d842d920):  JavaThread "AWT-Windows" daemon [_thread_in_native, id=12312, stack(0x00000005ca600000,0x00000005ca700000)]

Stack: [0x00000005ca600000,0x00000005ca700000],  sp=0x00000005ca6ff018,  free space=1020k
Native frames: (J=compiled Java code, j=interpreted, Vv=VM code, C=native code)

Java frames: (J=compiled Java code, j=interpreted, Vv=VM code)
j  sun.awt.windows.WToolkit.init()Z+0 java.desktop@15.0.1
j  sun.awt.windows.WToolkit.run()V+10 java.desktop@15.0.1
j  java.lang.Thread.run()V+11 java.base@15.0.1
v  ~StubRoutines::call_stub

siginfo: EXCEPTION_ACCESS_VIOLATION (0xc0000005), data execution prevention violation at address 0x0000000000000000


Register to memory mapping:

RIP=0x0 is NULL
RAX=0x0 is NULL
RBX=0x0000000000000020 is an unknown value
RCX=0x0 is NULL
RDX=0x0 is NULL
RSP=0x00000005ca6ff018 is pointing into the stack for thread: 0x00000128d842d920
RBP=0x00000005ca6ff188 is pointing into the stack for thread: 0x00000128d842d920
RSI=0x0000000009011aa2 is an unknown value
RDI=0x0000000000000001 is an unknown value
R8 =0x00000005ca6fecf8 is pointing into the stack for thread: 0x00000128d842d920
R9 =0x00007ffe0cefbb10 awt.dll
R10=0x0000000300000002 is an unknown value
R11=0x00000005ca6fef80 is pointing into the stack for thread: 0x00000128d842d920
R12=0x0 is NULL
R13={method} {0x00000128d792a110} 'init' '()Z' in 'sun/awt/windows/WToolkit'
R14=0x0 is NULL
R15=0x00000128d842d920 is a thread


Registers:
RAX=0x0000000000000000, RBX=0x0000000000000020, RCX=0x0000000000000000, RDX=0x0000000000000000
RSP=0x00000005ca6ff018, RBP=0x00000005ca6ff188, RSI=0x0000000009011aa2, RDI=0x0000000000000001
R8 =0x00000005ca6fecf8, R9 =0x00007ffe0cefbb10, R10=0x0000000300000002, R11=0x00000005ca6fef80
R12=0x0000000000000000, R13=0x00000128d792a108, R14=0x0000000000000000, R15=0x00000128d842d920
RIP=0x0000000000000000, EFLAGS=0x0000000000010206

Top of Stack: (sp=0x00000005ca6ff018)
0x00000005ca6ff018:   00007ffe0cefc598 0000000000000000
0x00000005ca6ff028:   0000000000000000 00000005ca6fecf8
0x00000005ca6ff038:   00007ffe0cefbb10 00000128ffffffff
0x00000005ca6ff048:   00007ffdffffffff 0000012800000000
0x00000005ca6ff058:   0000000000000000 0000000000000000
0x00000005ca6ff068:   0000000000000000 00007ffe0ce30000
0x00000005ca6ff078:   0000000000000000 0000012800000000
0x00000005ca6ff088:   00007ffe0cefd5f0 0000000000000000
0x00000005ca6ff098:   00007ffe0ce30000 00000000007f07e9
0x00000005ca6ff0a8:   0000000000000000 0000000000000006
0x00000005ca6ff0b8:   0000000000000000 00007ffe0cf34e30
0x00000005ca6ff0c8:   00000128d842d920 00000005ca6ff1a8
0x00000005ca6ff0d8:   00007ffe0cefeeef 00000128d842dc48
0x00000005ca6ff0e8:   00000128d7875f68 00000005ca6ff1a8
0x00000005ca6ff0f8:   00000128d78bb488 0000000000000716
0x00000005ca6ff108:   00000128c34bf177 00000128d792a108 

Instructions: (pc=0x0000000000000000)
0xffffffffffffff00:   


Stack slot to memory mapping:
stack at sp + 0 slots: 0x00007ffe0cefc598 awt.dll
stack at sp + 1 slots: 0x0 is NULL
stack at sp + 2 slots: 0x0 is NULL
stack at sp + 3 slots: 0x00000005ca6fecf8 is pointing into the stack for thread: 0x00000128d842d920
stack at sp + 4 slots: 0x00007ffe0cefbb10 awt.dll
stack at sp + 5 slots: 0x00000128ffffffff is an unknown value
stack at sp + 6 slots: 0x00007ffdffffffff is an unknown value
stack at sp + 7 slots: 0x0000012800000000 is an unknown value


---------------  P R O C E S S  ---------------

Threads class SMR info:
_java_thread_list=0x00000128d83d8aa0, length=14, elements={
0x00000128bb287780, 0x00000128bb34e020, 0x00000128bb34eb00, 0x00000128d7735040,
0x00000128d7737d20, 0x00000128d77385e0, 0x00000128d7745f10, 0x00000128d7748dd0,
0x00000128d775bfa0, 0x00000128d817e4b0, 0x00000128d81870c0, 0x00000128d8427570,
0x00000128d842b440, 0x00000128d842d920
}

Java Threads: ( => current thread )
  0x00000128bb287780 JavaThread "main" [_thread_blocked, id=9628, stack(0x00000005c9200000,0x00000005c9300000)]
  0x00000128bb34e020 JavaThread "Reference Handler" daemon [_thread_blocked, id=9232, stack(0x00000005c9900000,0x00000005c9a00000)]
  0x00000128bb34eb00 JavaThread "Finalizer" daemon [_thread_blocked, id=17564, stack(0x00000005c9a00000,0x00000005c9b00000)]
  0x00000128d7735040 JavaThread "Signal Dispatcher" daemon [_thread_blocked, id=11728, stack(0x00000005c9b00000,0x00000005c9c00000)]
  0x00000128d7737d20 JavaThread "Attach Listener" daemon [_thread_blocked, id=7072, stack(0x00000005c9c00000,0x00000005c9d00000)]
  0x00000128d77385e0 JavaThread "Service Thread" daemon [_thread_blocked, id=17492, stack(0x00000005c9d00000,0x00000005c9e00000)]
  0x00000128d7745f10 JavaThread "C2 CompilerThread0" daemon [_thread_blocked, id=21676, stack(0x00000005c9e00000,0x00000005c9f00000)]
  0x00000128d7748dd0 JavaThread "C1 CompilerThread0" daemon [_thread_blocked, id=17100, stack(0x00000005c9f00000,0x00000005ca000000)]
  0x00000128d775bfa0 JavaThread "Sweeper thread" daemon [_thread_blocked, id=17688, stack(0x00000005ca000000,0x00000005ca100000)]
  0x00000128d817e4b0 JavaThread "Notification Thread" daemon [_thread_blocked, id=9772, stack(0x00000005ca100000,0x00000005ca200000)]
  0x00000128d81870c0 JavaThread "Common-Cleaner" daemon [_thread_blocked, id=17884, stack(0x00000005ca300000,0x00000005ca400000)]
  0x00000128d8427570 JavaThread "Java2D Disposer" daemon [_thread_blocked, id=10832, stack(0x00000005ca400000,0x00000005ca500000)]
  0x00000128d842b440 JavaThread "AWT-Shutdown" [_thread_blocked, id=20164, stack(0x00000005ca500000,0x00000005ca600000)]
=>0x00000128d842d920 JavaThread "AWT-Windows" daemon [_thread_in_native, id=12312, stack(0x00000005ca600000,0x00000005ca700000)]

Other Threads:
  0x00000128bb34c890 VMThread "VM Thread" [stack: 0x00000005c9800000,0x00000005c9900000] [id=21088]
  0x00000128d817ed90 WatcherThread [stack: 0x00000005ca200000,0x00000005ca300000] [id=15876]
  0x00000128bb2b71f0 GCTaskThread "GC Thread#0" [stack: 0x00000005c9300000,0x00000005c9400000] [id=19240]
  0x00000128bb2c18c0 ConcurrentGCThread "G1 Main Marker" [stack: 0x00000005c9400000,0x00000005c9500000] [id=16320]
  0x00000128bb2c2440 ConcurrentGCThread "G1 Conc#0" [stack: 0x00000005c9500000,0x00000005c9600000] [id=18876]
  0x00000128bb323970 ConcurrentGCThread "G1 Refine#0" [stack: 0x00000005c9600000,0x00000005c9700000] [id=1196]
  0x00000128bb3253b0 ConcurrentGCThread "G1 Young RemSet Sampling" [stack: 0x00000005c9700000,0x00000005c9800000] [id=18372]

Threads with active compile tasks:

VM state: not at safepoint (normal execution)

VM Mutex/Monitor currently owned by a thread: None

Heap address: 0x00000000c1600000, size: 1002 MB, Compressed Oops mode: 32-bit
CDS archive(s) mapped at: [0x0000000800000000-0x0000000800b50000-0x0000000800b50000), size 11862016, SharedBaseAddress: 0x0000000800000000, ArchiveRelocationMode: 0.
Compressed class space mapped at: 0x0000000800b50000-0x0000000840b50000, size: 1073741824
Narrow klass base: 0x0000000800000000, Narrow klass shift: 3, Narrow klass range: 0x100000000

GC Precious Log:
 CPUs: 8 total, 8 available
 Memory: 4005M
 Large Page Support: Disabled
 NUMA Support: Disabled
 Compressed Oops: Enabled (32-bit)
 Heap Region Size: 1M
 Heap Min Capacity: 8M
 Heap Initial Capacity: 64M
 Heap Max Capacity: 1002M
 Pre-touch: Disabled
 Parallel Workers: 8
 Concurrent Workers: 2
 Concurrent Refinement Workers: 8
 Periodic GC: Disabled

Heap:
 garbage-first heap   total 65536K, used 2048K [0x00000000c1600000, 0x0000000100000000)
  region size 1024K, 3 young (3072K), 0 survivors (0K)
 Metaspace       used 2526K, capacity 4615K, committed 4864K, reserved 1056768K
  class space    used 243K, capacity 447K, committed 512K, reserved 1048576K

Heap Regions: E=young(eden), S=young(survivor), O=old, HS=humongous(starts), HC=humongous(continues), CS=collection set, F=free, OA=open archive, CA=closed archive, TAMS=top-at-mark-start (previous, next)
|   0|0x00000000c1600000, 0x00000000c1600000, 0x00000000c1700000|  0%| F|  |TAMS 0x00000000c1600000, 0x00000000c1600000| Untracked 
|   1|0x00000000c1700000, 0x00000000c1700000, 0x00000000c1800000|  0%| F|  |TAMS 0x00000000c1700000, 0x00000000c1700000| Untracked 
|   2|0x00000000c1800000, 0x00000000c1800000, 0x00000000c1900000|  0%| F|  |TAMS 0x00000000c1800000, 0x00000000c1800000| Untracked 
|   3|0x00000000c1900000, 0x00000000c1900000, 0x00000000c1a00000|  0%| F|  |TAMS 0x00000000c1900000, 0x00000000c1900000| Untracked 
|   4|0x00000000c1a00000, 0x00000000c1a00000, 0x00000000c1b00000|  0%| F|  |TAMS 0x00000000c1a00000, 0x00000000c1a00000| Untracked 
|   5|0x00000000c1b00000, 0x00000000c1b00000, 0x00000000c1c00000|  0%| F|  |TAMS 0x00000000c1b00000, 0x00000000c1b00000| Untracked 
|   6|0x00000000c1c00000, 0x00000000c1c00000, 0x00000000c1d00000|  0%| F|  |TAMS 0x00000000c1c00000, 0x00000000c1c00000| Untracked 
|   7|0x00000000c1d00000, 0x00000000c1d00000, 0x00000000c1e00000|  0%| F|  |TAMS 0x00000000c1d00000, 0x00000000c1d00000| Untracked 
|   8|0x00000000c1e00000, 0x00000000c1e00000, 0x00000000c1f00000|  0%| F|  |TAMS 0x00000000c1e00000, 0x00000000c1e00000| Untracked 
|   9|0x00000000c1f00000, 0x00000000c1f00000, 0x00000000c2000000|  0%| F|  |TAMS 0x00000000c1f00000, 0x00000000c1f00000| Untracked 
|  10|0x00000000c2000000, 0x00000000c2000000, 0x00000000c2100000|  0%| F|  |TAMS 0x00000000c2000000, 0x00000000c2000000| Untracked 
|  11|0x00000000c2100000, 0x00000000c2100000, 0x00000000c2200000|  0%| F|  |TAMS 0x00000000c2100000, 0x00000000c2100000| Untracked 
|  12|0x00000000c2200000, 0x00000000c2200000, 0x00000000c2300000|  0%| F|  |TAMS 0x00000000c2200000, 0x00000000c2200000| Untracked 
|  13|0x00000000c2300000, 0x00000000c2300000, 0x00000000c2400000|  0%| F|  |TAMS 0x00000000c2300000, 0x00000000c2300000| Untracked 
|  14|0x00000000c2400000, 0x00000000c2400000, 0x00000000c2500000|  0%| F|  |TAMS 0x00000000c2400000, 0x00000000c2400000| Untracked 
|  15|0x00000000c2500000, 0x00000000c2500000, 0x00000000c2600000|  0%| F|  |TAMS 0x00000000c2500000, 0x00000000c2500000| Untracked 
|  16|0x00000000c2600000, 0x00000000c2600000, 0x00000000c2700000|  0%| F|  |TAMS 0x00000000c2600000, 0x00000000c2600000| Untracked 
|  17|0x00000000c2700000, 0x00000000c2700000, 0x00000000c2800000|  0%| F|  |TAMS 0x00000000c2700000, 0x00000000c2700000| Untracked 
|  18|0x00000000c2800000, 0x00000000c2800000, 0x00000000c2900000|  0%| F|  |TAMS 0x00000000c2800000, 0x00000000c2800000| Untracked 
|  19|0x00000000c2900000, 0x00000000c2900000, 0x00000000c2a00000|  0%| F|  |TAMS 0x00000000c2900000, 0x00000000c2900000| Untracked 
|  20|0x00000000c2a00000, 0x00000000c2a00000, 0x00000000c2b00000|  0%| F|  |TAMS 0x00000000c2a00000, 0x00000000c2a00000| Untracked 
|  21|0x00000000c2b00000, 0x00000000c2b00000, 0x00000000c2c00000|  0%| F|  |TAMS 0x00000000c2b00000, 0x00000000c2b00000| Untracked 
|  22|0x00000000c2c00000, 0x00000000c2c00000, 0x00000000c2d00000|  0%| F|  |TAMS 0x00000000c2c00000, 0x00000000c2c00000| Untracked 
|  23|0x00000000c2d00000, 0x00000000c2d00000, 0x00000000c2e00000|  0%| F|  |TAMS 0x00000000c2d00000, 0x00000000c2d00000| Untracked 
|  24|0x00000000c2e00000, 0x00000000c2e00000, 0x00000000c2f00000|  0%| F|  |TAMS 0x00000000c2e00000, 0x00000000c2e00000| Untracked 
|  25|0x00000000c2f00000, 0x00000000c2f00000, 0x00000000c3000000|  0%| F|  |TAMS 0x00000000c2f00000, 0x00000000c2f00000| Untracked 
|  26|0x00000000c3000000, 0x00000000c3000000, 0x00000000c3100000|  0%| F|  |TAMS 0x00000000c3000000, 0x00000000c3000000| Untracked 
|  27|0x00000000c3100000, 0x00000000c3100000, 0x00000000c3200000|  0%| F|  |TAMS 0x00000000c3100000, 0x00000000c3100000| Untracked 
|  28|0x00000000c3200000, 0x00000000c3200000, 0x00000000c3300000|  0%| F|  |TAMS 0x00000000c3200000, 0x00000000c3200000| Untracked 
|  29|0x00000000c3300000, 0x00000000c3300000, 0x00000000c3400000|  0%| F|  |TAMS 0x00000000c3300000, 0x00000000c3300000| Untracked 
|  30|0x00000000c3400000, 0x00000000c3400000, 0x00000000c3500000|  0%| F|  |TAMS 0x00000000c3400000, 0x00000000c3400000| Untracked 
|  31|0x00000000c3500000, 0x00000000c3500000, 0x00000000c3600000|  0%| F|  |TAMS 0x00000000c3500000, 0x00000000c3500000| Untracked 
|  32|0x00000000c3600000, 0x00000000c3600000, 0x00000000c3700000|  0%| F|  |TAMS 0x00000000c3600000, 0x00000000c3600000| Untracked 
|  33|0x00000000c3700000, 0x00000000c3700000, 0x00000000c3800000|  0%| F|  |TAMS 0x00000000c3700000, 0x00000000c3700000| Untracked 
|  34|0x00000000c3800000, 0x00000000c3800000, 0x00000000c3900000|  0%| F|  |TAMS 0x00000000c3800000, 0x00000000c3800000| Untracked 
|  35|0x00000000c3900000, 0x00000000c3900000, 0x00000000c3a00000|  0%| F|  |TAMS 0x00000000c3900000, 0x00000000c3900000| Untracked 
|  36|0x00000000c3a00000, 0x00000000c3a00000, 0x00000000c3b00000|  0%| F|  |TAMS 0x00000000c3a00000, 0x00000000c3a00000| Untracked 
|  37|0x00000000c3b00000, 0x00000000c3b00000, 0x00000000c3c00000|  0%| F|  |TAMS 0x00000000c3b00000, 0x00000000c3b00000| Untracked 
|  38|0x00000000c3c00000, 0x00000000c3c00000, 0x00000000c3d00000|  0%| F|  |TAMS 0x00000000c3c00000, 0x00000000c3c00000| Untracked 
|  39|0x00000000c3d00000, 0x00000000c3d00000, 0x00000000c3e00000|  0%| F|  |TAMS 0x00000000c3d00000, 0x00000000c3d00000| Untracked 
|  40|0x00000000c3e00000, 0x00000000c3e00000, 0x00000000c3f00000|  0%| F|  |TAMS 0x00000000c3e00000, 0x00000000c3e00000| Untracked 
|  41|0x00000000c3f00000, 0x00000000c3f00000, 0x00000000c4000000|  0%| F|  |TAMS 0x00000000c3f00000, 0x00000000c3f00000| Untracked 
|  42|0x00000000c4000000, 0x00000000c4000000, 0x00000000c4100000|  0%| F|  |TAMS 0x00000000c4000000, 0x00000000c4000000| Untracked 
|  43|0x00000000c4100000, 0x00000000c4100000, 0x00000000c4200000|  0%| F|  |TAMS 0x00000000c4100000, 0x00000000c4100000| Untracked 
|  44|0x00000000c4200000, 0x00000000c4200000, 0x00000000c4300000|  0%| F|  |TAMS 0x00000000c4200000, 0x00000000c4200000| Untracked 
|  45|0x00000000c4300000, 0x00000000c4300000, 0x00000000c4400000|  0%| F|  |TAMS 0x00000000c4300000, 0x00000000c4300000| Untracked 
|  46|0x00000000c4400000, 0x00000000c4400000, 0x00000000c4500000|  0%| F|  |TAMS 0x00000000c4400000, 0x00000000c4400000| Untracked 
|  47|0x00000000c4500000, 0x00000000c4500000, 0x00000000c4600000|  0%| F|  |TAMS 0x00000000c4500000, 0x00000000c4500000| Untracked 
|  48|0x00000000c4600000, 0x00000000c4600000, 0x00000000c4700000|  0%| F|  |TAMS 0x00000000c4600000, 0x00000000c4600000| Untracked 
|  49|0x00000000c4700000, 0x00000000c4700000, 0x00000000c4800000|  0%| F|  |TAMS 0x00000000c4700000, 0x00000000c4700000| Untracked 
|  50|0x00000000c4800000, 0x00000000c4800000, 0x00000000c4900000|  0%| F|  |TAMS 0x00000000c4800000, 0x00000000c4800000| Untracked 
|  51|0x00000000c4900000, 0x00000000c4900000, 0x00000000c4a00000|  0%| F|  |TAMS 0x00000000c4900000, 0x00000000c4900000| Untracked 
|  52|0x00000000c4a00000, 0x00000000c4a00000, 0x00000000c4b00000|  0%| F|  |TAMS 0x00000000c4a00000, 0x00000000c4a00000| Untracked 
|  53|0x00000000c4b00000, 0x00000000c4b00000, 0x00000000c4c00000|  0%| F|  |TAMS 0x00000000c4b00000, 0x00000000c4b00000| Untracked 
|  54|0x00000000c4c00000, 0x00000000c4c00000, 0x00000000c4d00000|  0%| F|  |TAMS 0x00000000c4c00000, 0x00000000c4c00000| Untracked 
|  55|0x00000000c4d00000, 0x00000000c4d00000, 0x00000000c4e00000|  0%| F|  |TAMS 0x00000000c4d00000, 0x00000000c4d00000| Untracked 
|  56|0x00000000c4e00000, 0x00000000c4e00000, 0x00000000c4f00000|  0%| F|  |TAMS 0x00000000c4e00000, 0x00000000c4e00000| Untracked 
|  57|0x00000000c4f00000, 0x00000000c4f00000, 0x00000000c5000000|  0%| F|  |TAMS 0x00000000c4f00000, 0x00000000c4f00000| Untracked 
|  58|0x00000000c5000000, 0x00000000c5000000, 0x00000000c5100000|  0%| F|  |TAMS 0x00000000c5000000, 0x00000000c5000000| Untracked 
|  59|0x00000000c5100000, 0x00000000c5100000, 0x00000000c5200000|  0%| F|  |TAMS 0x00000000c5100000, 0x00000000c5100000| Untracked 
|  60|0x00000000c5200000, 0x00000000c5200000, 0x00000000c5300000|  0%| F|  |TAMS 0x00000000c5200000, 0x00000000c5200000| Untracked 
|  61|0x00000000c5300000, 0x00000000c53ec0a0, 0x00000000c5400000| 92%| E|  |TAMS 0x00000000c5300000, 0x00000000c5300000| Complete 
|  62|0x00000000c5400000, 0x00000000c5500000, 0x00000000c5500000|100%| E|CS|TAMS 0x00000000c5400000, 0x00000000c5400000| Complete 
|  63|0x00000000c5500000, 0x00000000c5600000, 0x00000000c5600000|100%| E|CS|TAMS 0x00000000c5500000, 0x00000000c5500000| Complete 

Card table byte_map: [0x00000128d29e0000,0x00000128d2be0000] _byte_map_base: 0x00000128d23d5000

Marking Bits (Prev, Next): (CMBitMap*) 0x00000128bb2b8980, (CMBitMap*) 0x00000128bb2b89c0
 Prev Bits: [0x00000128d2de0000, 0x00000128d3d88000)
 Next Bits: [0x00000128d3d90000, 0x00000128d4d38000)

Polling page: 0x00000128b9400000

Metaspace:

Usage:
  Non-class:      4.07 MB capacity,     2.23 MB ( 55%) used,     1.84 MB ( 45%) free+waste,     4.19 KB ( <1%) overhead. 
      Class:    447.00 KB capacity,   243.63 KB ( 55%) used,   201.38 KB ( 45%) free+waste,     2.00 KB ( <1%) overhead. 
       Both:      4.51 MB capacity,     2.47 MB ( 55%) used,     2.03 MB ( 45%) free+waste,     6.19 KB ( <1%) overhead. 

Virtual space:
  Non-class space:        8.00 MB reserved,       4.25 MB ( 53%) committed 
      Class space:        1.00 GB reserved,     512.00 KB ( <1%) committed 
             Both:        1.01 GB reserved,       4.75 MB ( <1%) committed 

Chunk freelists:
   Non-Class:  0 bytes
       Class:  1.00 KB
        Both:  1.00 KB

MaxMetaspaceSize: 17179869184.00 GB
CompressedClassSpaceSize: 1.00 GB

CodeHeap 'non-profiled nmethods': size=120000Kb used=97Kb max_used=97Kb free=119902Kb
 bounds [0x00000128caf80000, 0x00000128cb1f0000, 0x00000128d24b0000]
CodeHeap 'profiled nmethods': size=120000Kb used=355Kb max_used=355Kb free=119644Kb
 bounds [0x00000128c3a50000, 0x00000128c3cc0000, 0x00000128caf80000]
CodeHeap 'non-nmethods': size=5760Kb used=1175Kb max_used=1190Kb free=4584Kb
 bounds [0x00000128c34b0000, 0x00000128c3720000, 0x00000128c3a50000]
 total_blobs=721 nmethods=286 adapters=348
 compilation: enabled
              stopped_count=0, restarted_count=0
 full_count=0

Compilation events (20 events):
Event: 0.149 Thread 0x00000128d7748dd0  278       1       java.lang.invoke.MethodHandles$Lookup::lookupClass (5 bytes)
Event: 0.149 Thread 0x00000128d7745f10  269       4       java.lang.StringLatin1::charAt (28 bytes)
Event: 0.149 Thread 0x00000128d7748dd0 nmethod 278 0x00000128caf97a10 code [0x00000128caf97ba0, 0x00000128caf97c58]
Event: 0.149 Thread 0x00000128d7748dd0  279       3       java.util.Arrays::copyOf (19 bytes)
Event: 0.149 Thread 0x00000128d7748dd0 nmethod 279 0x00000128c3aa5590 code [0x00000128c3aa5740, 0x00000128c3aa5a28]
Event: 0.150 Thread 0x00000128d7745f10 nmethod 269 0x00000128caf97d10 code [0x00000128caf97e80, 0x00000128caf97ef8]
Event: 0.150 Thread 0x00000128d7745f10  280       4       java.lang.String::length (11 bytes)
Event: 0.150 Thread 0x00000128d7748dd0  281       1       java.lang.Class::getModule (5 bytes)
Event: 0.150 Thread 0x00000128d7748dd0 nmethod 281 0x00000128caf98010 code [0x00000128caf981a0, 0x00000128caf98258]
Event: 0.150 Thread 0x00000128d7748dd0  282       3       java.lang.AbstractStringBuilder::newCapacity (59 bytes)
Event: 0.150 Thread 0x00000128d7745f10 nmethod 280 0x00000128caf98310 code [0x00000128caf98480, 0x00000128caf984f8]
Event: 0.150 Thread 0x00000128d7748dd0 nmethod 282 0x00000128c3aa5b90 code [0x00000128c3aa5d80, 0x00000128c3aa62d8]
Event: 0.150 Thread 0x00000128d7748dd0  283       3       java.lang.StringLatin1::replace (198 bytes)
Event: 0.151 Thread 0x00000128d7748dd0 nmethod 283 0x00000128c3aa6510 code [0x00000128c3aa6780, 0x00000128c3aa74c8]
Event: 0.151 Thread 0x00000128d7748dd0  284       3       java.lang.invoke.MethodTypeForm::canonicalizeAll (63 bytes)
Event: 0.151 Thread 0x00000128d7748dd0 nmethod 284 0x00000128c3aa7990 code [0x00000128c3aa7b80, 0x00000128c3aa81f8]
Event: 0.151 Thread 0x00000128d7748dd0  285       3       java.lang.invoke.MethodType$ConcurrentWeakInternSet$WeakEntry::<init> (15 bytes)
Event: 0.151 Thread 0x00000128d7748dd0 nmethod 285 0x00000128c3aa8410 code [0x00000128c3aa85e0, 0x00000128c3aa89e8]
Event: 0.151 Thread 0x00000128d7748dd0  286       3       java.lang.Class::getName (18 bytes)
Event: 0.151 Thread 0x00000128d7748dd0 nmethod 286 0x00000128c3aa8b10 code [0x00000128c3aa8cc0, 0x00000128c3aa8e48]

GC Heap History (0 events):
No events

Deoptimization events (4 events):
Event: 0.085 Thread 0x00000128bb287780 Uncommon trap: trap_request=0xffffff45 fr.pc=0x00000128caf83c48 relative=0x0000000000000228
Event: 0.085 Thread 0x00000128bb287780 Uncommon trap: reason=unstable_if action=reinterpret pc=0x00000128caf83c48 method=java.lang.String.hashCode()I @ 13 c2
Event: 0.085 Thread 0x00000128bb287780 DEOPT PACKING pc=0x00000128caf83c48 sp=0x00000005c92fd0f0
Event: 0.085 Thread 0x00000128bb287780 DEOPT UNPACKING pc=0x00000128c34fe42f sp=0x00000005c92fd088 mode 2

Classes unloaded (0 events):
No events

Classes redefined (0 events):
No events

Internal exceptions (6 events):
Event: 0.061 Thread 0x00000128bb287780 Exception <a 'java/lang/NoSuchMethodError'{0x00000000c5423378}: 'void java.lang.invoke.DirectMethodHandle$Holder.invokeSpecial(java.lang.Object, java.lang.Object, java.lang.Object)'> (0x00000000c5423378) 
thrown [./open/src/hotspot/share/interpreter/linkResolver.cpp, line 782]
Event: 0.085 Thread 0x00000128bb287780 Exception <a 'java/lang/ClassNotFoundException'{0x00000000c5477498}: sun/awt/resources/spi/awtProvider> (0x00000000c5477498) 
thrown [./open/src/hotspot/share/classfile/systemDictionary.cpp, line 295]
Event: 0.111 Thread 0x00000128bb287780 Exception <a 'java/io/FileNotFoundException'{0x00000000c54d30f8}> (0x00000000c54d30f8) 
thrown [./open/src/hotspot/share/prims/jni.cpp, line 578]
Event: 0.121 Thread 0x00000128bb287780 Exception <a 'java/io/FileNotFoundException'{0x00000000c53021c8}> (0x00000000c53021c8) 
thrown [./open/src/hotspot/share/prims/jni.cpp, line 578]
Event: 0.122 Thread 0x00000128bb287780 Exception <a 'java/lang/NoSuchMethodError'{0x00000000c53033c0}: 'java.lang.Object java.lang.invoke.DirectMethodHandle$Holder.invokeStatic(java.lang.Object)'> (0x00000000c53033c0) 
thrown [./open/src/hotspot/share/interpreter/linkResolver.cpp, line 782]
Event: 0.148 Thread 0x00000128bb287780 Exception <a 'java/lang/NoSuchMethodError'{0x00000000c5342cf8}: 'java.lang.Object java.lang.invoke.DirectMethodHandle$Holder.invokeStaticInit(java.lang.Object)'> (0x00000000c5342cf8) 
thrown [./open/src/hotspot/share/interpreter/linkResolver.cpp, line 782]

Events (20 events):
Event: 0.144 loading class sun/awt/SunToolkit$ModalityListenerList done
Event: 0.144 loading class sun/awt/util/PerformanceLogger
Event: 0.144 loading class sun/awt/util/PerformanceLogger done
Event: 0.144 loading class sun/awt/util/PerformanceLogger$TimeData
Event: 0.144 loading class sun/awt/util/PerformanceLogger$TimeData done
Event: 0.147 loading class sun/awt/windows/WToolkit$ToolkitDisposer
Event: 0.147 loading class sun/java2d/DisposerRecord
Event: 0.147 loading class sun/java2d/DisposerRecord done
Event: 0.147 loading class sun/awt/windows/WToolkit$ToolkitDisposer done
Event: 0.147 loading class sun/java2d/Disposer
Event: 0.147 loading class sun/java2d/Disposer done
Event: 0.147 loading class sun/java2d/Disposer$1
Event: 0.147 loading class sun/java2d/Disposer$1 done
Event: 0.149 loading class sun/awt/util/ThreadGroupUtils
Event: 0.149 loading class sun/awt/util/ThreadGroupUtils done
Event: 0.149 Thread 0x00000128d8427570 Thread added: 0x00000128d8427570
Event: 0.149 loading class sun/awt/AWTAutoShutdown
Event: 0.149 loading class sun/awt/AWTAutoShutdown done
Event: 0.150 Thread 0x00000128d842b440 Thread added: 0x00000128d842b440
Event: 0.151 Thread 0x00000128d842d920 Thread added: 0x00000128d842d920


Dynamic libraries:
0x00007ff698400000 - 0x00007ff69840f000 	C:\Program Files\Java\jdk-15.0.1\bin\javaw.exe
0x00007ffe381c0000 - 0x00007ffe383b0000 	C:\Windows\SYSTEM32\ntdll.dll
0x00007ffe36cd0000 - 0x00007ffe36d82000 	C:\Windows\System32\KERNEL32.DLL
0x00007ffe353f0000 - 0x00007ffe35695000 	C:\Windows\System32\KERNELBASE.dll
0x00007ffe36170000 - 0x00007ffe3626a000 	C:\Windows\System32\ucrtbase.dll
0x00007ffe2e410000 - 0x00007ffe2e429000 	C:\Program Files\Java\jdk-15.0.1\bin\VCRUNTIME140.dll
0x00007ffe303b0000 - 0x00007ffe303c8000 	C:\Program Files\Java\jdk-15.0.1\bin\jli.dll
0x00007ffe37630000 - 0x00007ffe376d3000 	C:\Windows\System32\ADVAPI32.dll
0x00007ffe36a70000 - 0x00007ffe36b0e000 	C:\Windows\System32\msvcrt.dll
0x00007ffe376e0000 - 0x00007ffe37777000 	C:\Windows\System32\sechost.dll
0x00007ffe36d90000 - 0x00007ffe36eaf000 	C:\Windows\System32\RPCRT4.dll
0x00007ffe36fd0000 - 0x00007ffe37164000 	C:\Windows\System32\USER32.dll
0x00007ffe36140000 - 0x00007ffe36161000 	C:\Windows\System32\win32u.dll
0x00007ffe34500000 - 0x00007ffe34784000 	C:\Windows\WinSxS\amd64_microsoft.windows.common-controls_6595b64144ccf1df_6.0.18362.1500_none_9e79be6de462295c\COMCTL32.dll
0x00007ffe37170000 - 0x00007ffe374a6000 	C:\Windows\System32\combase.dll
0x00007ffe37860000 - 0x00007ffe37886000 	C:\Windows\System32\GDI32.dll
0x00007ffe35130000 - 0x00007ffe352c8000 	C:\Windows\System32\gdi32full.dll
0x00007ffe35700000 - 0x00007ffe35781000 	C:\Windows\System32\bcryptPrimitives.dll
0x00007ffe352d0000 - 0x00007ffe3536e000 	C:\Windows\System32\msvcp_win.dll
0x00007ffe2ddc0000 - 0x00007ffe2ddca000 	C:\Windows\SYSTEM32\VERSION.dll
0x00007ffe36480000 - 0x00007ffe364ae000 	C:\Windows\System32\IMM32.DLL
0x00007ffe33370000 - 0x00007ffe3337c000 	C:\Program Files\Java\jdk-15.0.1\bin\vcruntime140_1.dll
0x00007ffe22ec0000 - 0x00007ffe22f51000 	C:\Program Files\Java\jdk-15.0.1\bin\msvcp140.dll
0x00007ffdfe980000 - 0x00007ffdff4de000 	C:\Program Files\Java\jdk-15.0.1\bin\server\jvm.dll
0x00007ffe36cc0000 - 0x00007ffe36cc8000 	C:\Windows\System32\PSAPI.DLL
0x00007ffe21cd0000 - 0x00007ffe21cd9000 	C:\Windows\SYSTEM32\WSOCK32.dll
0x00007ffe32730000 - 0x00007ffe32754000 	C:\Windows\SYSTEM32\WINMM.dll
0x00007ffe379c0000 - 0x00007ffe37a2f000 	C:\Windows\System32\WS2_32.dll
0x00007ffe32530000 - 0x00007ffe3255d000 	C:\Windows\SYSTEM32\winmmbase.dll
0x00007ffe35370000 - 0x00007ffe353ba000 	C:\Windows\System32\cfgmgr32.dll
0x00007ffe35110000 - 0x00007ffe35121000 	C:\Windows\System32\kernel.appcore.dll
0x00007ffe33350000 - 0x00007ffe3335a000 	C:\Program Files\Java\jdk-15.0.1\bin\jimage.dll
0x00007ffe34930000 - 0x00007ffe34b24000 	C:\Windows\SYSTEM32\DBGHELP.DLL
0x00007ffe34880000 - 0x00007ffe348aa000 	C:\Windows\SYSTEM32\dbgcore.DLL
0x00007ffe2b940000 - 0x00007ffe2b965000 	C:\Program Files\Java\jdk-15.0.1\bin\java.dll
0x00007ffe37a30000 - 0x00007ffe38118000 	C:\Windows\System32\SHELL32.dll
0x00007ffe363d0000 - 0x00007ffe36477000 	C:\Windows\System32\shcore.dll
0x00007ffe359c0000 - 0x00007ffe3613b000 	C:\Windows\System32\windows.storage.dll
0x00007ffe350a0000 - 0x00007ffe350be000 	C:\Windows\System32\profapi.dll
0x00007ffe350c0000 - 0x00007ffe3510a000 	C:\Windows\System32\powrprof.dll
0x00007ffe35070000 - 0x00007ffe35080000 	C:\Windows\System32\UMPDC.dll
0x00007ffe37890000 - 0x00007ffe378e2000 	C:\Windows\System32\shlwapi.dll
0x00007ffe35790000 - 0x00007ffe357a7000 	C:\Windows\System32\cryptsp.dll
0x00007ffe2cc10000 - 0x00007ffe2cc29000 	C:\Program Files\Java\jdk-15.0.1\bin\net.dll
0x00007ffe23a10000 - 0x00007ffe23b0a000 	C:\Windows\SYSTEM32\WINHTTP.dll
0x00007ffe34340000 - 0x00007ffe343a7000 	C:\Windows\system32\mswsock.dll
0x00007ffe2cbb0000 - 0x00007ffe2cbc2000 	C:\Program Files\Java\jdk-15.0.1\bin\nio.dll
0x00007ffe2b810000 - 0x00007ffe2b828000 	C:\Program Files\Java\jdk-15.0.1\bin\zip.dll
0x00007ffe0ce30000 - 0x00007ffe0cfb0000 	C:\Program Files\Java\jdk-15.0.1\bin\awt.dll
0x00007ffe374c0000 - 0x00007ffe37585000 	C:\Windows\System32\OLEAUT32.dll
0x00007ffe32680000 - 0x00007ffe3270f000 	C:\Windows\SYSTEM32\apphelp.dll
0x00007ffe327b0000 - 0x00007ffe32849000 	C:\Windows\system32\uxtheme.dll
0x00007ffe364b0000 - 0x00007ffe365e5000 	C:\Windows\System32\MSCTF.dll

dbghelp: loaded successfully - version: 4.0.5 - missing functions: none
symbol engine: initialized successfully - sym options: 0x614 - pdb path: .;C:\Program Files\Java\jdk-15.0.1\bin;C:\Windows\SYSTEM32;C:\Windows\WinSxS\amd64_microsoft.windows.common-controls_6595b64144ccf1df_6.0.18362.1500_none_9e79be6de462295c;C:\Program Files\Java\jdk-15.0.1\bin\server

VM Arguments:
jvm_args: -Dfile.encoding=UTF-8 -XX:+ShowCodeDetailsInExceptionMessages 
java_command: Frame.Staff_TimekeepingUI
java_class_path (initial): C:\Users\minhn\Documents\UDJV\project\JavaApp\bin;C:\Users\minhn\Documents\UDJV\project\JavaApp\miglayout15-swing.jar;C:\Users\minhn\Documents\sqljdbc_9.2\fra\mssql-jdbc-9.2.0.jre11.jar
Launcher Type: SUN_STANDARD

[Global flags]
     intx CICompilerCount                          = 4                                         {product} {ergonomic}
     uint ConcGCThreads                            = 2                                         {product} {ergonomic}
     uint G1ConcRefinementThreads                  = 8                                         {product} {ergonomic}
   size_t G1HeapRegionSize                         = 1048576                                   {product} {ergonomic}
    uintx GCDrainStackTargetSize                   = 64                                        {product} {ergonomic}
   size_t InitialHeapSize                          = 67108864                                  {product} {ergonomic}
   size_t MarkStackSize                            = 4194304                                   {product} {ergonomic}
   size_t MaxHeapSize                              = 1050673152                                {product} {ergonomic}
   size_t MaxNewSize                               = 630194176                                 {product} {ergonomic}
   size_t MinHeapDeltaBytes                        = 1048576                                   {product} {ergonomic}
   size_t MinHeapSize                              = 8388608                                   {product} {ergonomic}
    uintx NonNMethodCodeHeapSize                   = 5839372                                {pd product} {ergonomic}
    uintx NonProfiledCodeHeapSize                  = 122909434                              {pd product} {ergonomic}
    uintx ProfiledCodeHeapSize                     = 122909434                              {pd product} {ergonomic}
    uintx ReservedCodeCacheSize                    = 251658240                              {pd product} {ergonomic}
     bool SegmentedCodeCache                       = true                                      {product} {ergonomic}
     bool ShowCodeDetailsInExceptionMessages       = true                                   {manageable} {command line}
   size_t SoftMaxHeapSize                          = 1050673152                             {manageable} {ergonomic}
     bool UseCompressedClassPointers               = true                                 {lp64_product} {ergonomic}
     bool UseCompressedOops                        = true                                 {lp64_product} {ergonomic}
     bool UseG1GC                                  = true                                      {product} {ergonomic}
     bool UseLargePagesIndividualAllocation        = false                                  {pd product} {ergonomic}

Logging:
Log output configuration:
 #0: stdout all=warning uptime,level,tags
 #1: stderr all=off uptime,level,tags

Environment Variables:
JAVA_HOME=C:\Program Files\Java\jdk-15.0.1
PATH=C:\Program Files\Common Files\Oracle\Java\javapath;C:\Program Files (x86)\Common Files\Oracle\Java\javapath;C:\Windows\system32;C:\Windows;C:\Windows\System32\Wbem;C:\Windows\System32\WindowsPowerShell\v1.0\;C:\Windows\System32\OpenSSH\;C:\Program Files\Git\cmd;C:\Users\minhn;C:\Users\minhn\AppData\Local\Programs\Python\Python38\Scripts;C:\ProgramData\npmglobal\node_modules\node-red;C:\Program Files\nodejs;C:\Program Files\nodejs\;C:\ProgramData\chocolatey\bin;C:\Users\minhn\node-red;C:\Python\Python38\;C:\Python\Python38\Scripts\;C:\Users\minhn\AppData\Local\Programs\Python\Python38\Scripts;C:\Users\minhn\AppData\Local\Programs\Python\Python38;C:\Users\minhn\AppData\Local\Programs\Python;C:\Users\minhn\Documents\NMDPTTT\Projet_Web\Web_GreenObject.github.io\front-end\node_modules\.bin;C:\Users\minhn\AppData\Roaming\npm;C:\Windows\System32\cmd.exe;C:\Program Files\Microsoft SQL Server\Client SDK\ODBC\170\Tools\Binn\;C:\Program Files (x86)\Microsoft SQL Server\150\Tools\Binn\;C:\Program Files\Microsoft SQL Server\150\Tools\Binn\;C:\Program Files\Microsoft SQL Server\150\DTS\Binn\;C:\Program Files\Azure Data Studio\bin;C:\Program Files\Microsoft SQL Server\Client SDK\ODBC\130\Tools\Binn\;C:\Program Files (x86)\Microsoft SQL Server\140\Tools\Binn\;C:\Program Files\Microsoft SQL Server\140\Tools\Binn\;C:\Program Files\Microsoft SQL Server\140\DTS\Binn\;C:\Program Files\dotnet\;C:\Program Files\Microsoft SQL Server\Client SDK\ODBC\110\Tools\Binn\;C:\Program Files (x86)\Microsoft SQL Server\120\Tools\Binn\;C:\Program Files\Microsoft SQL Server\120\Tools\Binn\;C:\Program Files\Microsoft SQL Server\120\DTS\Binn\;c:\Program Files (x86)\Microsoft SQL Server\100\Tools\Binn\;c:\Program Files\Microsoft SQL Server\100\Tools\Binn\;c:\Program Files\Microsoft SQL Server\100\DTS\Binn\;C:\Program Files (x86)\Microsoft SQL Server\150\DTS\Binn\;C:\Program Files\Microsoft SQL Server\130\Tools\Binn\;C:\Users\minhn\AppData\Local\Programs\Python\Python38\Scripts\;C:\Users\minhn\AppData\Loc
USERNAME=minhn
OS=Windows_NT
PROCESSOR_IDENTIFIER=Intel64 Family 6 Model 142 Stepping 10, GenuineIntel



---------------  S Y S T E M  ---------------

OS:
 Windows 10 , 64 bit Build 18362 (10.0.18362.1500)
OS uptime: 3 days 7:35 hours

CPU: total 8 (initial active 8) (4 cores per cpu, 2 threads per core) family 6 model 142 stepping 10 microcode 0xd6, cmov, cx8, fxsr, mmx, sse, sse2, sse3, ssse3, sse4.1, sse4.2, popcnt, vzeroupper, avx, avx2, aes, clmul, erms, 3dnowpref, lzcnt, ht, tsc, tscinvbit, bmi1, bmi2, adx, fma, clflush, clflushopt

Memory: 4k page, system-wide physical 4005M (353M free)
TotalPageFile size 16293M (AvailPageFile size 0M)
current process WorkingSet (physical memory assigned to process): 38M, peak: 38M
current process commit charge ("private bytes"): 150M, peak: 150M

vm_info: Java HotSpot(TM) 64-Bit Server VM (15.0.1+9-18) for windows-amd64 JRE (15.0.1+9-18), built on Sep 15 2020 14:43:54 by "mach5one" with unknown MS VC++:1925

END.
